[debug] [2021-03-21T09:37:27.323Z] ----------------------------------------------------------------------
[debug] [2021-03-21T09:37:27.329Z] Command:       C:\Program Files\nodejs\node.exe C:\Users\User\AppData\Roaming\npm\node_modules\firebase-tools\lib\bin\firebase.js init
[debug] [2021-03-21T09:37:27.329Z] CLI Version:   9.6.1
[debug] [2021-03-21T09:37:27.330Z] Platform:      win32
[debug] [2021-03-21T09:37:27.330Z] Node Version:  v14.15.3
[debug] [2021-03-21T09:37:27.331Z] Time:          Sun Mar 21 2021 15:37:27 GMT+0600 (Bangladesh Standard Time)
[debug] [2021-03-21T09:37:27.331Z] ----------------------------------------------------------------------
[debug] [2021-03-21T09:37:27.331Z] 
[debug] [2021-03-21T09:37:27.348Z] > command requires scopes: ["email","openid","https://www.googleapis.com/auth/cloudplatformprojects.readonly","https://www.googleapis.com/auth/firebase","https://www.googleapis.com/auth/cloud-platform"]
[debug] [2021-03-21T09:37:27.350Z] > authorizing via signed-in user
[info] 
     ######## #### ########  ######## ########     ###     ######  ########
     ##        ##  ##     ## ##       ##     ##  ##   ##  ##       ##
     ######    ##  ########  ######   ########  #########  ######  ######
     ##        ##  ##    ##  ##       ##     ## ##     ##       ## ##
     ##       #### ##     ## ######## ########  ##     ##  ######  ########

You're about to initialize a Firebase project in this directory:

  C:\WebDevelopment\Projects\anywhere-rider

Before we get started, keep in mind:

  * You are currently outside your home directory

[info] 
=== Project Setup
[info] 
[info] First, let's associate this project directory with a Firebase project.
[info] You can create multiple project aliases by running firebase use --add, 
[info] but for now we'll just set up a default project.
[info] 
[debug] [2021-03-21T09:38:38.520Z] >>> [apiv2][query] GET https://firebase.googleapis.com/v1beta1/projects pageSize=100
[debug] [2021-03-21T09:38:39.098Z] <<< [apiv2][status] GET https://firebase.googleapis.com/v1beta1/projects 200
[debug] [2021-03-21T09:38:39.098Z] <<< [apiv2][body] GET https://firebase.googleapis.com/v1beta1/projects [omitted]
[info] i  Using project anywhere-rider (anywhere-rider) 
[info] 
=== Hosting Setup
[info] 
[info] Your public directory is the folder (relative to your project directory) that
[info] will contain Hosting assets to be uploaded with firebase deploy. If you
[info] have a build process for your assets, use your build's output directory.
[info] 
[info] +  Wrote build/404.html 
[debug] [2021-03-21T09:39:53.659Z] >>> [apiv2][query] GET https://www.gstatic.com/firebasejs/releases.json [none]
[debug] [2021-03-21T09:39:53.850Z] <<< [apiv2][status] GET https://www.gstatic.com/firebasejs/releases.json 200
[debug] [2021-03-21T09:39:53.850Z] <<< [apiv2][body] GET https://www.gstatic.com/firebasejs/releases.json {"current":{"version":"8.3.1","browserURL":"https://www.gstatic.com/firebasejs/8.3.1/firebase.js","packageURL":"https://www.gstatic.com/firebasejs/8.3.1/firebase.tgz"},"live":{"version":"8.3","browserURL":"https://www.gstatic.com/firebasejs/live/8.3/firebase.js","packageURL":"https://www.gstatic.com/firebasejs/live/8.3/firebase.tgz"},"components":{"analytics":"https://www.gstatic.com/firebasejs/8.3.1/firebase-analytics.js","app":"https://www.gstatic.com/firebasejs/8.3.1/firebase-app.js","auth":"https://www.gstatic.com/firebasejs/8.3.1/firebase-auth.js","database":"https://www.gstatic.com/firebasejs/8.3.1/firebase-database.js","firestore":"https://www.gstatic.com/firebasejs/8.3.1/firebase-firestore.js","functions":"https://www.gstatic.com/firebasejs/8.3.1/firebase-functions.js","installations":"https://www.gstatic.com/firebasejs/8.3.1/firebase-installations.js","messaging":"https://www.gstatic.com/firebasejs/8.3.1/firebase-messaging.js","storage":"https://www.gstatic.com/firebasejs/8.3.1/firebase-storage.js","performance":"https://www.gstatic.com/firebasejs/8.3.1/firebase-performance.js","remote-config":"https://www.gstatic.com/firebasejs/8.3.1/firebase-remote-config.js","firestore.memory":"https://www.gstatic.com/firebasejs/8.3.1/firebase-firestore.memory.js"}}
[info] +  Wrote build/index.html 
[info] 
[info] i  Detected a .git folder at C:\WebDevelopment\Projects\anywhere-rider 
[info] i  Authorizing with GitHub to upload your service account to a GitHub repository's secrets store. 
[info] 
[info] Visit this URL on this device to log in:
[info] https://github.com/login/oauth/authorize?client_id=89cf50f02ac6aaed3484&state=269991345&redirect_uri=http%3A%2F%2Flocalhost%3A9005&scope=read%3Auser%20repo%20public_repo
[info] 
[info] Waiting for authentication...
[debug] [2021-03-21T09:54:15.678Z] >>> HTTP REQUEST POST https://github.com/login/oauth/access_token  
 {"client_id":"89cf50f02ac6aaed3484","client_secret":"3330d14abc895d9a74d5f17cd7a00711fa2c5bf0","code":"7a58de91fba9d2fd0ae5","redirect_uri":"http://localhost:9005","state":"269991345"}
[debug] [2021-03-21T09:54:16.147Z] <<< HTTP RESPONSE 200 {"server":"GitHub.com","date":"Sun, 21 Mar 2021 09:54:00 GMT","content-type":"application/json; charset=utf-8","transfer-encoding":"chunked","vary":"X-PJAX, Accept-Encoding, Accept, X-Requested-With","etag":"W/\"cb74b1bfc1ffbc71434cb4bbc98926f0\"","cache-control":"max-age=0, private, must-revalidate","strict-transport-security":"max-age=31536000; includeSubdomains; preload","x-frame-options":"deny","x-content-type-options":"nosniff","x-xss-protection":"0","referrer-policy":"origin-when-cross-origin, strict-origin-when-cross-origin","expect-ct":"max-age=2592000, report-uri=\"https://api.github.com/_private/browser/errors\"","content-security-policy":"default-src 'none'; base-uri 'self'; block-all-mixed-content; connect-src 'self' uploads.github.com www.githubstatus.com collector.githubapp.com api.github.com github-cloud.s3.amazonaws.com github-production-repository-file-5c1aeb.s3.amazonaws.com github-production-upload-manifest-file-7fdce7.s3.amazonaws.com github-production-user-asset-6210df.s3.amazonaws.com cdn.optimizely.com logx.optimizely.com/v1/events wss://alive.github.com; font-src github.githubassets.com; form-action 'self' github.com gist.github.com; frame-ancestors 'none'; frame-src render.githubusercontent.com; img-src 'self' data: github.githubassets.com identicons.github.com collector.githubapp.com github-cloud.s3.amazonaws.com secured-user-images.githubusercontent.com/ *.githubusercontent.com; manifest-src 'self'; media-src 'none'; script-src github.githubassets.com; style-src 'unsafe-inline' github.githubassets.com; worker-src github.com/socket-worker-6832eced.js gist.github.com/socket-worker-6832eced.js","x-github-request-id":"23A8:2080:4BE60A:50D18A:605717B8"}
[debug] [2021-03-21T09:54:16.151Z] >>> [apiv2][query] GET https://api.github.com/user [none]
[debug] [2021-03-21T09:54:16.733Z] <<< [apiv2][status] GET https://api.github.com/user 200
[debug] [2021-03-21T09:54:16.733Z] <<< [apiv2][body] GET https://api.github.com/user {"login":"InjamulCSE15","id":76752873,"node_id":"MDQ6VXNlcjc2NzUyODcz","avatar_url":"https://avatars.githubusercontent.com/u/76752873?v=4","gravatar_id":"","url":"https://api.github.com/users/InjamulCSE15","html_url":"https://github.com/InjamulCSE15","followers_url":"https://api.github.com/users/InjamulCSE15/followers","following_url":"https://api.github.com/users/InjamulCSE15/following{/other_user}","gists_url":"https://api.github.com/users/InjamulCSE15/gists{/gist_id}","starred_url":"https://api.github.com/users/InjamulCSE15/starred{/owner}{/repo}","subscriptions_url":"https://api.github.com/users/InjamulCSE15/subscriptions","organizations_url":"https://api.github.com/users/InjamulCSE15/orgs","repos_url":"https://api.github.com/users/InjamulCSE15/repos","events_url":"https://api.github.com/users/InjamulCSE15/events{/privacy}","received_events_url":"https://api.github.com/users/InjamulCSE15/received_events","type":"User","site_admin":false,"name":null,"company":null,"blog":"","location":null,"email":null,"hireable":null,"bio":null,"twitter_username":null,"public_repos":21,"public_gists":0,"followers":4,"following":5,"created_at":"2020-12-29T21:05:08Z","updated_at":"2021-03-21T09:54:00Z","private_gists":0,"total_private_repos":0,"owned_private_repos":0,"disk_usage":71984,"collaborators":0,"two_factor_authentication":false,"plan":{"name":"free","space":976562499,"collaborators":0,"private_repos":10000}}
[info] 
[info] +  Success! Logged into GitHub as InjamulCSE15 
[info] 
[debug] [2021-03-21T10:00:04.975Z] >>> [apiv2][query] GET https://api.github.com/repos/ Porgramming-Hero-web-course //actions/secrets/public-key type=owner
[debug] [2021-03-21T10:00:05.390Z] <<< [apiv2][status] GET https://api.github.com/repos/ Porgramming-Hero-web-course //actions/secrets/public-key 404
[debug] [2021-03-21T10:00:05.390Z] <<< [apiv2][body] GET https://api.github.com/repos/ Porgramming-Hero-web-course //actions/secrets/public-key {"message":"Not Found","documentation_url":"https://docs.github.com/rest"}
[debug] [2021-03-21T11:27:41.505Z] >>> [apiv2][query] GET https://api.github.com/repos/ Porgramming-Hero-web-course //actions/secrets/public-key type=owner
[debug] [2021-03-21T11:27:41.945Z] <<< [apiv2][status] GET https://api.github.com/repos/ Porgramming-Hero-web-course //actions/secrets/public-key 404
[debug] [2021-03-21T11:27:41.945Z] <<< [apiv2][body] GET https://api.github.com/repos/ Porgramming-Hero-web-course //actions/secrets/public-key {"message":"Not Found","documentation_url":"https://docs.github.com/rest"}
[debug] [2021-03-21T11:27:55.820Z] >>> [apiv2][query] GET https://api.github.com/repos/ Porgramming-Hero-web-course //actions/secrets/public-key type=owner
[debug] [2021-03-21T11:27:56.249Z] <<< [apiv2][status] GET https://api.github.com/repos/ Porgramming-Hero-web-course //actions/secrets/public-key 404
[debug] [2021-03-21T11:27:56.249Z] <<< [apiv2][body] GET https://api.github.com/repos/ Porgramming-Hero-web-course //actions/secrets/public-key {"message":"Not Found","documentation_url":"https://docs.github.com/rest"}
[debug] [2021-03-21T11:28:14.946Z] >>> [apiv2][query] GET https://api.github.com/repos/ Porgramming-Hero-web-course //actions/secrets/public-key type=owner
[debug] [2021-03-21T11:28:15.380Z] <<< [apiv2][status] GET https://api.github.com/repos/ Porgramming-Hero-web-course //actions/secrets/public-key 404
[debug] [2021-03-21T11:28:15.380Z] <<< [apiv2][body] GET https://api.github.com/repos/ Porgramming-Hero-web-course //actions/secrets/public-key {"message":"Not Found","documentation_url":"https://docs.github.com/rest"}
[debug] [2021-03-21T11:29:13.352Z] >>> [apiv2][query] GET https://api.github.com/repos/ Porgramming-Hero-web-course / react-auth-InjamulCSE15/actions/secrets/public-key type=owner
[debug] [2021-03-21T11:29:13.828Z] <<< [apiv2][status] GET https://api.github.com/repos/ Porgramming-Hero-web-course / react-auth-InjamulCSE15/actions/secrets/public-key 404
[debug] [2021-03-21T11:29:13.829Z] <<< [apiv2][body] GET https://api.github.com/repos/ Porgramming-Hero-web-course / react-auth-InjamulCSE15/actions/secrets/public-key {"message":"Not Found","documentation_url":"https://docs.github.com/rest/reference/actions#get-a-repository-public-key"}
